Determining if the pthread_create exist failed with the following output:
Change Dir: /home/bolunzhang/octopus/ros/src/sensors/cam_axes/cmake-build-debug/CMakeFiles/CMakeTmp

Run Build Command:"/usr/bin/make" "cmTC_4d77b/fast"
/usr/bin/make -f CMakeFiles/cmTC_4d77b.dir/build.make CMakeFiles/cmTC_4d77b.dir/build
make[1]: Entering directory `/home/bolunzhang/octopus/ros/src/sensors/cam_axes/cmake-build-debug/CMakeFiles/CMakeTmp'
Building C object CMakeFiles/cmTC_4d77b.dir/CheckSymbolExists.c.o
/usr/bin/cc     -o CMakeFiles/cmTC_4d77b.dir/CheckSymbolExists.c.o   -c /home/bolunzhang/octopus/ros/src/sensors/cam_axes/cmake-build-debug/CMakeFiles/CMakeTmp/CheckSymbolExists.c
Linking C executable cmTC_4d77b
/home/bolunzhang/clion-2016.3.3/bin/cmake/bin/cmake -E cmake_link_script CMakeFiles/cmTC_4d77b.dir/link.txt --verbose=1
/usr/bin/cc       CMakeFiles/cmTC_4d77b.dir/CheckSymbolExists.c.o  -o cmTC_4d77b -rdynamic 
CMakeFiles/cmTC_4d77b.dir/CheckSymbolExists.c.o: In function `main':
CheckSymbolExists.c:(.text+0x16): undefined reference to `pthread_create'
collect2: error: ld returned 1 exit status
make[1]: *** [cmTC_4d77b] Error 1
make[1]: Leaving directory `/home/bolunzhang/octopus/ros/src/sensors/cam_axes/cmake-build-debug/CMakeFiles/CMakeTmp'
make: *** [cmTC_4d77b/fast] Error 2

File /home/bolunzhang/octopus/ros/src/sensors/cam_axes/cmake-build-debug/CMakeFiles/CMakeTmp/CheckSymbolExists.c:
/* */
#include <pthread.h>

int main(int argc, char** argv)
{
  (void)argv;
#ifndef pthread_create
  return ((int*)(&pthread_create))[argc];
#else
  (void)argc;
  return 0;
#endif
}

Determining if the function pthread_create exists in the pthreads failed with the following output:
Change Dir: /home/bolunzhang/octopus/ros/src/sensors/cam_axes/cmake-build-debug/CMakeFiles/CMakeTmp

Run Build Command:"/usr/bin/make" "cmTC_cc61b/fast"
/usr/bin/make -f CMakeFiles/cmTC_cc61b.dir/build.make CMakeFiles/cmTC_cc61b.dir/build
make[1]: Entering directory `/home/bolunzhang/octopus/ros/src/sensors/cam_axes/cmake-build-debug/CMakeFiles/CMakeTmp'
Building C object CMakeFiles/cmTC_cc61b.dir/CheckFunctionExists.c.o
/usr/bin/cc    -DCHECK_FUNCTION_EXISTS=pthread_create   -o CMakeFiles/cmTC_cc61b.dir/CheckFunctionExists.c.o   -c /home/bolunzhang/clion-2016.3.3/bin/cmake/share/cmake-3.6/Modules/CheckFunctionExists.c
Linking C executable cmTC_cc61b
/home/bolunzhang/clion-2016.3.3/bin/cmake/bin/cmake -E cmake_link_script CMakeFiles/cmTC_cc61b.dir/link.txt --verbose=1
/usr/bin/cc   -DCHECK_FUNCTION_EXISTS=pthread_create    CMakeFiles/cmTC_cc61b.dir/CheckFunctionExists.c.o  -o cmTC_cc61b -rdynamic -lpthreads 
/usr/bin/ld: cannot find -lpthreads
collect2: error: ld returned 1 exit status
make[1]: *** [cmTC_cc61b] Error 1
make[1]: Leaving directory `/home/bolunzhang/octopus/ros/src/sensors/cam_axes/cmake-build-debug/CMakeFiles/CMakeTmp'
make: *** [cmTC_cc61b/fast] Error 2


